-------------------------------------------------------------------------------
Test set: tests.ChangeAppConditionTests
-------------------------------------------------------------------------------
Tests run: 2, Failures: 0, Errors: 2, Skipped: 0, Time elapsed: 0 s <<< FAILURE! - in tests.ChangeAppConditionTests
testChangeScreenOrientationOnSearchResults(tests.ChangeAppConditionTests)  Time elapsed: 0 s  <<< ERROR!
java.lang.Exception: Cannot detect type of the Driver. Platform value: null

testCheckSearchArticleInBackground(tests.ChangeAppConditionTests)  Time elapsed: 0 s  <<< ERROR!
java.lang.Exception: Cannot detect type of the Driver. Platform value: null

