-------------------------------------------------------------------------------
Test set: tests.SearchTests
-------------------------------------------------------------------------------
Tests run: 4, Failures: 0, Errors: 4, Skipped: 0, Time elapsed: 0 s <<< FAILURE! - in tests.SearchTests
testAmountOfNotEmptySearch(tests.SearchTests)  Time elapsed: 0 s  <<< ERROR!
java.lang.Exception: Cannot detect type of the Driver. Platform value: null

testAmountOfEmptySearch(tests.SearchTests)  Time elapsed: 0 s  <<< ERROR!
java.lang.Exception: Cannot detect type of the Driver. Platform value: null

testCancelSearch(tests.SearchTests)  Time elapsed: 0 s  <<< ERROR!
java.lang.Exception: Cannot detect type of the Driver. Platform value: null

testSearch(tests.SearchTests)  Time elapsed: 0 s  <<< ERROR!
java.lang.Exception: Cannot detect type of the Driver. Platform value: null

